2021-04-15T20:07:21+00:00 CRITICAL syntax error, unexpected 'echo' (T_ECHO) in /home3/lettetb0/public_html/wp-content/themes/cataco/front-page.php on line 31

2021-04-15T20:07:38+00:00 CRITICAL Uncaught Error: Function name must be a string in /home3/lettetb0/public_html/wp-content/themes/cataco/front-page.php:12
Stack trace:
#0 /home3/lettetb0/public_html/wp-includes/template-loader.php(106): include()
#1 /home3/lettetb0/public_html/wp-blog-header.php(19): require_once('/home3/lettetb0...')
#2 /home3/lettetb0/public_html/index.php(17): require('/home3/lettetb0...')
#3 {main}
  thrown in /home3/lettetb0/public_html/wp-content/themes/cataco/front-page.php on line 12

2021-04-15T20:10:16+00:00 CRITICAL Uncaught Error: Function name must be a string in /home3/lettetb0/public_html/wp-content/themes/cataco/front-page.php:12
Stack trace:
#0 /home3/lettetb0/public_html/wp-includes/template-loader.php(106): include()
#1 /home3/lettetb0/public_html/wp-blog-header.php(19): require_once('/home3/lettetb0...')
#2 /home3/lettetb0/public_html/index.php(17): require('/home3/lettetb0...')
#3 {main}
  thrown in /home3/lettetb0/public_html/wp-content/themes/cataco/front-page.php on line 12

2021-04-15T20:11:05+00:00 CRITICAL Uncaught Error: Function name must be a string in /home3/lettetb0/public_html/wp-content/themes/cataco/front-page.php:12
Stack trace:
#0 /home3/lettetb0/public_html/wp-includes/template-loader.php(106): include()
#1 /home3/lettetb0/public_html/wp-blog-header.php(19): require_once('/home3/lettetb0...')
#2 /home3/lettetb0/public_html/index.php(17): require('/home3/lettetb0...')
#3 {main}
  thrown in /home3/lettetb0/public_html/wp-content/themes/cataco/front-page.php on line 12

2021-04-15T20:11:22+00:00 CRITICAL Uncaught Error: Function name must be a string in /home3/lettetb0/public_html/wp-content/themes/cataco/front-page.php:12
Stack trace:
#0 /home3/lettetb0/public_html/wp-includes/template-loader.php(106): include()
#1 /home3/lettetb0/public_html/wp-blog-header.php(19): require_once('/home3/lettetb0...')
#2 /home3/lettetb0/public_html/index.php(17): require('/home3/lettetb0...')
#3 {main}
  thrown in /home3/lettetb0/public_html/wp-content/themes/cataco/front-page.php on line 12

2021-04-15T20:12:18+00:00 CRITICAL Uncaught Error: Array callback has to contain indices 0 and 1 in /home3/lettetb0/public_html/wp-content/themes/cataco/front-page.php:12
Stack trace:
#0 /home3/lettetb0/public_html/wp-includes/template-loader.php(106): include()
#1 /home3/lettetb0/public_html/wp-blog-header.php(19): require_once('/home3/lettetb0...')
#2 /home3/lettetb0/public_html/index.php(17): require('/home3/lettetb0...')
#3 {main}
  thrown in /home3/lettetb0/public_html/wp-content/themes/cataco/front-page.php on line 12

2021-04-15T20:13:19+00:00 CRITICAL Uncaught Error: Array callback has to contain indices 0 and 1 in /home3/lettetb0/public_html/wp-content/themes/cataco/front-page.php:12
Stack trace:
#0 /home3/lettetb0/public_html/wp-includes/template-loader.php(106): include()
#1 /home3/lettetb0/public_html/wp-blog-header.php(19): require_once('/home3/lettetb0...')
#2 /home3/lettetb0/public_html/index.php(17): require('/home3/lettetb0...')
#3 {main}
  thrown in /home3/lettetb0/public_html/wp-content/themes/cataco/front-page.php on line 12

2021-04-15T20:14:29+00:00 CRITICAL Uncaught Error: Array callback has to contain indices 0 and 1 in /home3/lettetb0/public_html/wp-content/themes/cataco/front-page.php:12
Stack trace:
#0 /home3/lettetb0/public_html/wp-includes/template-loader.php(106): include()
#1 /home3/lettetb0/public_html/wp-blog-header.php(19): require_once('/home3/lettetb0...')
#2 /home3/lettetb0/public_html/index.php(17): require('/home3/lettetb0...')
#3 {main}
  thrown in /home3/lettetb0/public_html/wp-content/themes/cataco/front-page.php on line 12

2021-04-15T20:15:00+00:00 CRITICAL Uncaught Error: Array callback has to contain indices 0 and 1 in /home3/lettetb0/public_html/wp-content/themes/cataco/front-page.php:12
Stack trace:
#0 /home3/lettetb0/public_html/wp-includes/template-loader.php(106): include()
#1 /home3/lettetb0/public_html/wp-blog-header.php(19): require_once('/home3/lettetb0...')
#2 /home3/lettetb0/public_html/index.php(17): require('/home3/lettetb0...')
#3 {main}
  thrown in /home3/lettetb0/public_html/wp-content/themes/cataco/front-page.php on line 12

